Arguments: 
  /Users/alexfingersb/.nvm/versions/node/v13.11.0/bin/node /usr/local/bin/yarn init help

PATH: 
  /Users/alexfingersb/.zinit/polaris/bin:/Users/alexfingersb/.nvm/versions/node/v13.11.0/bin:/usr/bin:/bin:/usr/sbin:/sbin:/usr/local/bin:/usr/local/share/dotnet:/Library/Frameworks/Mono.framework/Versions/Current/Commands:/Applications/Xamarin Workbooks.app/Contents/SharedSupport/path-bin:/Users/alexfingersb/Library/Android/sdk/emulator:/Users/alexfingersb/Library/Android/sdk/tools:/Users/alexfingersb/Library/Android/sdk/tools/bin:/Users/alexfingersb/Library/Android/sdk/platform-tools:/Users/alexfingersb/development/tools/maven/bin:/Users/alexfingersb/development/tools/apache-ant-1.9.4/bin:/Library/Java/JavaVirtualMachines/jdk-13.0.2.jdk/Contents/Home

Yarn version: 
  1.22.4

Node version: 
  13.11.0

Platform: 
  darwin x64

Trace: 
  Error: canceled
      at Interface.<anonymous> (/Users/alexfingersb/.config/yarn/global/node_modules/yarn/lib/cli.js:137008:13)
      at Interface.emit (events.js:315:20)
      at Interface._ttyWrite (readline.js:873:16)
      at ReadStream.onkeypress (readline.js:213:10)
      at ReadStream.emit (events.js:315:20)
      at emitKeys (internal/readline/utils.js:335:14)
      at emitKeys.next (<anonymous>)
      at ReadStream.onData (readline.js:1140:36)
      at ReadStream.emit (events.js:315:20)
      at addChunk (_stream_readable.js:297:12)

npm manifest: 
  No manifest

yarn manifest: 
  No manifest

Lockfile: 
  # THIS IS AN AUTOGENERATED FILE. DO NOT EDIT THIS FILE DIRECTLY.
  # yarn lockfile v1
